/Users/han/Downloads/반월 열배관 관리프토그램/코드/BCHP-THERMA/python-backend/.venv/lib/python3.9/site-packages/urllib3/__init__.py:35: NotOpenSSLWarning: urllib3 v2 only supports OpenSSL 1.1.1+, currently the 'ssl' module is compiled with 'LibreSSL 2.8.3'. See: https://github.com/urllib3/urllib3/issues/3020
  warnings.warn(
✅ ExifTool 발견: /Users/han/Downloads/반월 열배관 관리프토그램/코드/BCHP-THERMA/tools/exiftool-dist/exiftool

============================================================
🚀 Flask FLIR 전문 분석 서버
============================================================
✅ ExifTool: /Users/han/Downloads/반월 열배관 관리프토그램/코드/BCHP-THERMA/tools/exiftool-dist/exiftool

🔥 FLIR Image Extractor 라이브러리 사용
   - 정확한 온도 계산 (모든 보정 자동 적용)
   - 대기전송, 방사율, 반사온도, 거리, 습도 보정
   - 검증된 알고리즘 사용

🌐 서버: http://localhost:5001
============================================================

 * Serving Flask app 'app'
 * Debug mode: on
[31m[1mWARNING: This is a development server. Do not use it in a production deployment. Use a production WSGI server instead.[0m
 * Running on all addresses (0.0.0.0)
 * Running on http://127.0.0.1:5001
 * Running on http://172.16.72.139:5001
[33mPress CTRL+C to quit[0m
 * Restarting with stat
/Users/han/Downloads/반월 열배관 관리프토그램/코드/BCHP-THERMA/python-backend/.venv/lib/python3.9/site-packages/urllib3/__init__.py:35: NotOpenSSLWarning: urllib3 v2 only supports OpenSSL 1.1.1+, currently the 'ssl' module is compiled with 'LibreSSL 2.8.3'. See: https://github.com/urllib3/urllib3/issues/3020
  warnings.warn(
 * Debugger is active!
 * Debugger PIN: 500-887-104
