
> my-v0-project@0.1.0 dev
> next dev

 ⚠ `eslint` configuration in next.config.mjs is no longer supported. See more info here: https://nextjs.org/docs/app/api-reference/cli/next#next-lint-options
 ⚠ Invalid next.config.mjs options detected: 
 ⚠     Unrecognized key(s) in object: 'eslint'
 ⚠ See more info here: https://nextjs.org/docs/messages/invalid-next-config
   ▲ Next.js 16.0.0 (Turbopack)
   - Local:        http://localhost:3000
   - Network:      http://172.16.72.139:3000
   - Environments: .env.local

 ✓ Starting...
[baseline-browser-mapping] The data in this module is over two months old.  To ensure accurate Baseline data, please update: `npm i baseline-browser-mapping@latest -D`
 ✓ Ready in 1144ms
 GET / 200 in 1629ms (compile: 1516ms, render: 113ms)
 GET /data 200 in 190ms (compile: 182ms, render: 7ms)
구역별 이미지 조회 - 구역: A-1, 타입: thermal
✅ PostgreSQL 연결 풀 생성 완료
   최대 연결: 20
   연결 타임아웃: 60000ms
   쿼리 타임아웃: 120000ms
구역별 이미지 조회 - 구역: A-2, 타입: thermal
구역별 이미지 조회 - 구역: B-1, 타입: thermal
구역별 이미지 조회 - 구역: B-2, 타입: thermal
구역별 이미지 조회 - 구역: C-1, 타입: thermal
구역별 이미지 조회 - 구역: C-2, 타입: thermal
Executed query: {
  text: '\n' +
    '      SELECT \n' +
    '        ti.image_id,\n' +
    '        ti.inspection_id,\n' +
    '        ti.image_url,\n' +
    '        ti.thumbnail_url,\n' +
    '        ti.image_width,\n' +
    '        ti.image_height,\n' +
    '        ti.camera_model,\n' +
    '        ti.capture_timestamp,\n' +
    '        ti.file_size_bytes,\n' +
    '        ti.file_format,\n' +
    '        ti.image_type,\n' +
    '        ti.created_at,\n' +
    '        ti.range_min,\n' +
    '        ti.range_max,\n' +
    '        ti.avg_temp,\n' +
    '        im.metadata_json,\n' +
    '        im.thermal_data_json,\n' +
    '        p.section_category,\n' +
    '        i.weather_condition,\n' +
    '        i.ambient_temp_celsius\n' +
    '      FROM thermal_images ti\n' +
    '      LEFT JOIN image_metadata im ON ti.image_id = im.image_id\n' +
    '      JOIN inspections i ON ti.inspection_id = i.inspection_id\n' +
    '      JOIN pipes p ON i.pipe_id = p.pipe_id\n' +
    '      WHERE p.section_category = $1\n' +
    '     AND ti.image_type = $2 ORDER BY ti.capture_timestamp DESC',
  duration: '1055ms',
  rows: 0
}
조회 결과: 0개 이미지
처리 완료: 0개 중 0개 오류
 GET /api/thermal-images/by-section/A-2?image_type=thermal 200 in 1560ms (compile: 485ms, render: 1075ms)
Executed query: {
  text: '\n' +
    '      SELECT \n' +
    '        ti.image_id,\n' +
    '        ti.inspection_id,\n' +
    '        ti.image_url,\n' +
    '        ti.thumbnail_url,\n' +
    '        ti.image_width,\n' +
    '        ti.image_height,\n' +
    '        ti.camera_model,\n' +
    '        ti.capture_timestamp,\n' +
    '        ti.file_size_bytes,\n' +
    '        ti.file_format,\n' +
    '        ti.image_type,\n' +
    '        ti.created_at,\n' +
    '        ti.range_min,\n' +
    '        ti.range_max,\n' +
    '        ti.avg_temp,\n' +
    '        im.metadata_json,\n' +
    '        im.thermal_data_json,\n' +
    '        p.section_category,\n' +
    '        i.weather_condition,\n' +
    '        i.ambient_temp_celsius\n' +
    '      FROM thermal_images ti\n' +
    '      LEFT JOIN image_metadata im ON ti.image_id = im.image_id\n' +
    '      JOIN inspections i ON ti.inspection_id = i.inspection_id\n' +
    '      JOIN pipes p ON i.pipe_id = p.pipe_id\n' +
    '      WHERE p.section_category = $1\n' +
    '     AND ti.image_type = $2 ORDER BY ti.capture_timestamp DESC',
  duration: '1065ms',
  rows: 0
}
조회 결과: 0개 이미지
처리 완료: 0개 중 0개 오류
 GET /api/thermal-images/by-section/A-1?image_type=thermal 200 in 1563ms (compile: 485ms, render: 1078ms)
Executed query: {
  text: '\n' +
    '      SELECT \n' +
    '        ti.image_id,\n' +
    '        ti.inspection_id,\n' +
    '        ti.image_url,\n' +
    '        ti.thumbnail_url,\n' +
    '        ti.image_width,\n' +
    '        ti.image_height,\n' +
    '        ti.camera_model,\n' +
    '        ti.capture_timestamp,\n' +
    '        ti.file_size_bytes,\n' +
    '        ti.file_format,\n' +
    '        ti.image_type,\n' +
    '        ti.created_at,\n' +
    '        ti.range_min,\n' +
    '        ti.range_max,\n' +
    '        ti.avg_temp,\n' +
    '        im.metadata_json,\n' +
    '        im.thermal_data_json,\n' +
    '        p.section_category,\n' +
    '        i.weather_condition,\n' +
    '        i.ambient_temp_celsius\n' +
    '      FROM thermal_images ti\n' +
    '      LEFT JOIN image_metadata im ON ti.image_id = im.image_id\n' +
    '      JOIN inspections i ON ti.inspection_id = i.inspection_id\n' +
    '      JOIN pipes p ON i.pipe_id = p.pipe_id\n' +
    '      WHERE p.section_category = $1\n' +
    '     AND ti.image_type = $2 ORDER BY ti.capture_timestamp DESC',
  duration: '1066ms',
  rows: 0
}
조회 결과: 0개 이미지
처리 완료: 0개 중 0개 오류
 GET /api/thermal-images/by-section/B-1?image_type=thermal 200 in 1565ms (compile: 485ms, render: 1080ms)
Executed query: {
  text: '\n' +
    '      SELECT \n' +
    '        ti.image_id,\n' +
    '        ti.inspection_id,\n' +
    '        ti.image_url,\n' +
    '        ti.thumbnail_url,\n' +
    '        ti.image_width,\n' +
    '        ti.image_height,\n' +
    '        ti.camera_model,\n' +
    '        ti.capture_timestamp,\n' +
    '        ti.file_size_bytes,\n' +
    '        ti.file_format,\n' +
    '        ti.image_type,\n' +
    '        ti.created_at,\n' +
    '        ti.range_min,\n' +
    '        ti.range_max,\n' +
    '        ti.avg_temp,\n' +
    '        im.metadata_json,\n' +
    '        im.thermal_data_json,\n' +
    '        p.section_category,\n' +
    '        i.weather_condition,\n' +
    '        i.ambient_temp_celsius\n' +
    '      FROM thermal_images ti\n' +
    '      LEFT JOIN image_metadata im ON ti.image_id = im.image_id\n' +
    '      JOIN inspections i ON ti.inspection_id = i.inspection_id\n' +
    '      JOIN pipes p ON i.pipe_id = p.pipe_id\n' +
    '      WHERE p.section_category = $1\n' +
    '     AND ti.image_type = $2 ORDER BY ti.capture_timestamp DESC',
  duration: '1068ms',
  rows: 0
}
조회 결과: 0개 이미지
처리 완료: 0개 중 0개 오류
 GET /api/thermal-images/by-section/B-2?image_type=thermal 200 in 1566ms (compile: 485ms, render: 1081ms)
구역별 이미지 조회 - 구역: D-1, 타입: thermal
구역별 이미지 조회 - 구역: D-2, 타입: thermal
구역별 이미지 조회 - 구역: E-1, 타입: thermal
구역별 이미지 조회 - 구역: E-2, 타입: thermal
Executed query: {
  text: '\n' +
    '      SELECT \n' +
    '        ti.image_id,\n' +
    '        ti.inspection_id,\n' +
    '        ti.image_url,\n' +
    '        ti.thumbnail_url,\n' +
    '        ti.image_width,\n' +
    '        ti.image_height,\n' +
    '        ti.camera_model,\n' +
    '        ti.capture_timestamp,\n' +
    '        ti.file_size_bytes,\n' +
    '        ti.file_format,\n' +
    '        ti.image_type,\n' +
    '        ti.created_at,\n' +
    '        ti.range_min,\n' +
    '        ti.range_max,\n' +
    '        ti.avg_temp,\n' +
    '        im.metadata_json,\n' +
    '        im.thermal_data_json,\n' +
    '        p.section_category,\n' +
    '        i.weather_condition,\n' +
    '        i.ambient_temp_celsius\n' +
    '      FROM thermal_images ti\n' +
    '      LEFT JOIN image_metadata im ON ti.image_id = im.image_id\n' +
    '      JOIN inspections i ON ti.inspection_id = i.inspection_id\n' +
    '      JOIN pipes p ON i.pipe_id = p.pipe_id\n' +
    '      WHERE p.section_category = $1\n' +
    '     AND ti.image_type = $2 ORDER BY ti.capture_timestamp DESC',
  duration: '80ms',
  rows: 0
}
조회 결과: 0개 이미지
처리 완료: 0개 중 0개 오류
 GET /api/thermal-images/by-section/D-1?image_type=thermal 200 in 87ms (compile: 4ms, render: 83ms)
Executed query: {
  text: '\n' +
    '      SELECT \n' +
    '        ti.image_id,\n' +
    '        ti.inspection_id,\n' +
    '        ti.image_url,\n' +
    '        ti.thumbnail_url,\n' +
    '        ti.image_width,\n' +
    '        ti.image_height,\n' +
    '        ti.camera_model,\n' +
    '        ti.capture_timestamp,\n' +
    '        ti.file_size_bytes,\n' +
    '        ti.file_format,\n' +
    '        ti.image_type,\n' +
    '        ti.created_at,\n' +
    '        ti.range_min,\n' +
    '        ti.range_max,\n' +
    '        ti.avg_temp,\n' +
    '        im.metadata_json,\n' +
    '        im.thermal_data_json,\n' +
    '        p.section_category,\n' +
    '        i.weather_condition,\n' +
    '        i.ambient_temp_celsius\n' +
    '      FROM thermal_images ti\n' +
    '      LEFT JOIN image_metadata im ON ti.image_id = im.image_id\n' +
    '      JOIN inspections i ON ti.inspection_id = i.inspection_id\n' +
    '      JOIN pipes p ON i.pipe_id = p.pipe_id\n' +
    '      WHERE p.section_category = $1\n' +
    '     AND ti.image_type = $2 ORDER BY ti.capture_timestamp DESC',
  duration: '78ms',
  rows: 0
}
조회 결과: 0개 이미지
처리 완료: 0개 중 0개 오류
 GET /api/thermal-images/by-section/D-2?image_type=thermal 200 in 87ms (compile: 6ms, render: 81ms)
구역별 이미지 조회 - 구역: F-1, 타입: thermal
Executed query: {
  text: '\n' +
    '      SELECT \n' +
    '        ti.image_id,\n' +
    '        ti.inspection_id,\n' +
    '        ti.image_url,\n' +
    '        ti.thumbnail_url,\n' +
    '        ti.image_width,\n' +
    '        ti.image_height,\n' +
    '        ti.camera_model,\n' +
    '        ti.capture_timestamp,\n' +
    '        ti.file_size_bytes,\n' +
    '        ti.file_format,\n' +
    '        ti.image_type,\n' +
    '        ti.created_at,\n' +
    '        ti.range_min,\n' +
    '        ti.range_max,\n' +
    '        ti.avg_temp,\n' +
    '        im.metadata_json,\n' +
    '        im.thermal_data_json,\n' +
    '        p.section_category,\n' +
    '        i.weather_condition,\n' +
    '        i.ambient_temp_celsius\n' +
    '      FROM thermal_images ti\n' +
    '      LEFT JOIN image_metadata im ON ti.image_id = im.image_id\n' +
    '      JOIN inspections i ON ti.inspection_id = i.inspection_id\n' +
    '      JOIN pipes p ON i.pipe_id = p.pipe_id\n' +
    '      WHERE p.section_category = $1\n' +
    '     AND ti.image_type = $2 ORDER BY ti.capture_timestamp DESC',
  duration: '81ms',
  rows: 0
}
조회 결과: 0개 이미지
처리 완료: 0개 중 0개 오류
 GET /api/thermal-images/by-section/E-1?image_type=thermal 200 in 92ms (compile: 8ms, render: 83ms)
Executed query: {
  text: '\n' +
    '      SELECT \n' +
    '        ti.image_id,\n' +
    '        ti.inspection_id,\n' +
    '        ti.image_url,\n' +
    '        ti.thumbnail_url,\n' +
    '        ti.image_width,\n' +
    '        ti.image_height,\n' +
    '        ti.camera_model,\n' +
    '        ti.capture_timestamp,\n' +
    '        ti.file_size_bytes,\n' +
    '        ti.file_format,\n' +
    '        ti.image_type,\n' +
    '        ti.created_at,\n' +
    '        ti.range_min,\n' +
    '        ti.range_max,\n' +
    '        ti.avg_temp,\n' +
    '        im.metadata_json,\n' +
    '        im.thermal_data_json,\n' +
    '        p.section_category,\n' +
    '        i.weather_condition,\n' +
    '        i.ambient_temp_celsius\n' +
    '      FROM thermal_images ti\n' +
    '      LEFT JOIN image_metadata im ON ti.image_id = im.image_id\n' +
    '      JOIN inspections i ON ti.inspection_id = i.inspection_id\n' +
    '      JOIN pipes p ON i.pipe_id = p.pipe_id\n' +
    '      WHERE p.section_category = $1\n' +
    '     AND ti.image_type = $2 ORDER BY ti.capture_timestamp DESC',
  duration: '80ms',
  rows: 0
}
조회 결과: 0개 이미지
처리 완료: 0개 중 0개 오류
 GET /api/thermal-images/by-section/E-2?image_type=thermal 200 in 92ms (compile: 10ms, render: 82ms)
구역별 이미지 조회 - 구역: F-2, 타입: thermal
구역별 이미지 조회 - 구역: G-1, 타입: thermal
구역별 이미지 조회 - 구역: G-2, 타입: thermal
Executed query: {
  text: '\n' +
    '      SELECT \n' +
    '        ti.image_id,\n' +
    '        ti.inspection_id,\n' +
    '        ti.image_url,\n' +
    '        ti.thumbnail_url,\n' +
    '        ti.image_width,\n' +
    '        ti.image_height,\n' +
    '        ti.camera_model,\n' +
    '        ti.capture_timestamp,\n' +
    '        ti.file_size_bytes,\n' +
    '        ti.file_format,\n' +
    '        ti.image_type,\n' +
    '        ti.created_at,\n' +
    '        ti.range_min,\n' +
    '        ti.range_max,\n' +
    '        ti.avg_temp,\n' +
    '        im.metadata_json,\n' +
    '        im.thermal_data_json,\n' +
    '        p.section_category,\n' +
    '        i.weather_condition,\n' +
    '        i.ambient_temp_celsius\n' +
    '      FROM thermal_images ti\n' +
    '      LEFT JOIN image_metadata im ON ti.image_id = im.image_id\n' +
    '      JOIN inspections i ON ti.inspection_id = i.inspection_id\n' +
    '      JOIN pipes p ON i.pipe_id = p.pipe_id\n' +
    '      WHERE p.section_category = $1\n' +
    '     AND ti.image_type = $2 ORDER BY ti.capture_timestamp DESC',
  duration: '77ms',
  rows: 0
}
조회 결과: 0개 이미지
처리 완료: 0개 중 0개 오류
 GET /api/thermal-images/by-section/F-1?image_type=thermal 200 in 80ms (compile: 1019µs, render: 79ms)
Executed query: {
  text: '\n' +
    '      SELECT \n' +
    '        ti.image_id,\n' +
    '        ti.inspection_id,\n' +
    '        ti.image_url,\n' +
    '        ti.thumbnail_url,\n' +
    '        ti.image_width,\n' +
    '        ti.image_height,\n' +
    '        ti.camera_model,\n' +
    '        ti.capture_timestamp,\n' +
    '        ti.file_size_bytes,\n' +
    '        ti.file_format,\n' +
    '        ti.image_type,\n' +
    '        ti.created_at,\n' +
    '        ti.range_min,\n' +
    '        ti.range_max,\n' +
    '        ti.avg_temp,\n' +
    '        im.metadata_json,\n' +
    '        im.thermal_data_json,\n' +
    '        p.section_category,\n' +
    '        i.weather_condition,\n' +
    '        i.ambient_temp_celsius\n' +
    '      FROM thermal_images ti\n' +
    '      LEFT JOIN image_metadata im ON ti.image_id = im.image_id\n' +
    '      JOIN inspections i ON ti.inspection_id = i.inspection_id\n' +
    '      JOIN pipes p ON i.pipe_id = p.pipe_id\n' +
    '      WHERE p.section_category = $1\n' +
    '     AND ti.image_type = $2 ORDER BY ti.capture_timestamp DESC',
  duration: '75ms',
  rows: 0
}
조회 결과: 0개 이미지
처리 완료: 0개 중 0개 오류
 GET /api/thermal-images/by-section/F-2?image_type=thermal 200 in 78ms (compile: 2ms, render: 76ms)
구역별 이미지 조회 - 구역: A-2, 타입: thermal
구역별 이미지 조회 - 구역: A-1, 타입: thermal
Executed query: {
  text: '\n' +
    '      SELECT \n' +
    '        ti.image_id,\n' +
    '        ti.inspection_id,\n' +
    '        ti.image_url,\n' +
    '        ti.thumbnail_url,\n' +
    '        ti.image_width,\n' +
    '        ti.image_height,\n' +
    '        ti.camera_model,\n' +
    '        ti.capture_timestamp,\n' +
    '        ti.file_size_bytes,\n' +
    '        ti.file_format,\n' +
    '        ti.image_type,\n' +
    '        ti.created_at,\n' +
    '        ti.range_min,\n' +
    '        ti.range_max,\n' +
    '        ti.avg_temp,\n' +
    '        im.metadata_json,\n' +
    '        im.thermal_data_json,\n' +
    '        p.section_category,\n' +
    '        i.weather_condition,\n' +
    '        i.ambient_temp_celsius\n' +
    '      FROM thermal_images ti\n' +
    '      LEFT JOIN image_metadata im ON ti.image_id = im.image_id\n' +
    '      JOIN inspections i ON ti.inspection_id = i.inspection_id\n' +
    '      JOIN pipes p ON i.pipe_id = p.pipe_id\n' +
    '      WHERE p.section_category = $1\n' +
    '     AND ti.image_type = $2 ORDER BY ti.capture_timestamp DESC',
  duration: '77ms',
  rows: 0
}
조회 결과: 0개 이미지
처리 완료: 0개 중 0개 오류
 GET /api/thermal-images/by-section/G-2?image_type=thermal 200 in 81ms (compile: 2ms, render: 78ms)
Executed query: {
  text: '\n' +
    '      SELECT \n' +
    '        ti.image_id,\n' +
    '        ti.inspection_id,\n' +
    '        ti.image_url,\n' +
    '        ti.thumbnail_url,\n' +
    '        ti.image_width,\n' +
    '        ti.image_height,\n' +
    '        ti.camera_model,\n' +
    '        ti.capture_timestamp,\n' +
    '        ti.file_size_bytes,\n' +
    '        ti.file_format,\n' +
    '        ti.image_type,\n' +
    '        ti.created_at,\n' +
    '        ti.range_min,\n' +
    '        ti.range_max,\n' +
    '        ti.avg_temp,\n' +
    '        im.metadata_json,\n' +
    '        im.thermal_data_json,\n' +
    '        p.section_category,\n' +
    '        i.weather_condition,\n' +
    '        i.ambient_temp_celsius\n' +
    '      FROM thermal_images ti\n' +
    '      LEFT JOIN image_metadata im ON ti.image_id = im.image_id\n' +
    '      JOIN inspections i ON ti.inspection_id = i.inspection_id\n' +
    '      JOIN pipes p ON i.pipe_id = p.pipe_id\n' +
    '      WHERE p.section_category = $1\n' +
    '     AND ti.image_type = $2 ORDER BY ti.capture_timestamp DESC',
  duration: '79ms',
  rows: 0
}
조회 결과: 0개 이미지
처리 완료: 0개 중 0개 오류
 GET /api/thermal-images/by-section/G-1?image_type=thermal 200 in 82ms (compile: 677µs, render: 81ms)
구역별 이미지 조회 - 구역: B-1, 타입: thermal
구역별 이미지 조회 - 구역: B-2, 타입: thermal
Executed query: {
  text: '\n' +
    '      SELECT \n' +
    '        ti.image_id,\n' +
    '        ti.inspection_id,\n' +
    '        ti.image_url,\n' +
    '        ti.thumbnail_url,\n' +
    '        ti.image_width,\n' +
    '        ti.image_height,\n' +
    '        ti.camera_model,\n' +
    '        ti.capture_timestamp,\n' +
    '        ti.file_size_bytes,\n' +
    '        ti.file_format,\n' +
    '        ti.image_type,\n' +
    '        ti.created_at,\n' +
    '        ti.range_min,\n' +
    '        ti.range_max,\n' +
    '        ti.avg_temp,\n' +
    '        im.metadata_json,\n' +
    '        im.thermal_data_json,\n' +
    '        p.section_category,\n' +
    '        i.weather_condition,\n' +
    '        i.ambient_temp_celsius\n' +
    '      FROM thermal_images ti\n' +
    '      LEFT JOIN image_metadata im ON ti.image_id = im.image_id\n' +
    '      JOIN inspections i ON ti.inspection_id = i.inspection_id\n' +
    '      JOIN pipes p ON i.pipe_id = p.pipe_id\n' +
    '      WHERE p.section_category = $1\n' +
    '     AND ti.image_type = $2 ORDER BY ti.capture_timestamp DESC',
  duration: '90ms',
  rows: 0
}
조회 결과: 0개 이미지
처리 완료: 0개 중 0개 오류
 GET /api/thermal-images/by-section/A-2?image_type=thermal 200 in 93ms (compile: 874µs, render: 92ms)
Executed query: {
  text: '\n' +
    '      SELECT \n' +
    '        ti.image_id,\n' +
    '        ti.inspection_id,\n' +
    '        ti.image_url,\n' +
    '        ti.thumbnail_url,\n' +
    '        ti.image_width,\n' +
    '        ti.image_height,\n' +
    '        ti.camera_model,\n' +
    '        ti.capture_timestamp,\n' +
    '        ti.file_size_bytes,\n' +
    '        ti.file_format,\n' +
    '        ti.image_type,\n' +
    '        ti.created_at,\n' +
    '        ti.range_min,\n' +
    '        ti.range_max,\n' +
    '        ti.avg_temp,\n' +
    '        im.metadata_json,\n' +
    '        im.thermal_data_json,\n' +
    '        p.section_category,\n' +
    '        i.weather_condition,\n' +
    '        i.ambient_temp_celsius\n' +
    '      FROM thermal_images ti\n' +
    '      LEFT JOIN image_metadata im ON ti.image_id = im.image_id\n' +
    '      JOIN inspections i ON ti.inspection_id = i.inspection_id\n' +
    '      JOIN pipes p ON i.pipe_id = p.pipe_id\n' +
    '      WHERE p.section_category = $1\n' +
    '     AND ti.image_type = $2 ORDER BY ti.capture_timestamp DESC',
  duration: '89ms',
  rows: 0
}
조회 결과: 0개 이미지
처리 완료: 0개 중 0개 오류
 GET /api/thermal-images/by-section/A-1?image_type=thermal 200 in 94ms (compile: 3ms, render: 91ms)
Executed query: {
  text: '\n' +
    '      SELECT \n' +
    '        ti.image_id,\n' +
    '        ti.inspection_id,\n' +
    '        ti.image_url,\n' +
    '        ti.thumbnail_url,\n' +
    '        ti.image_width,\n' +
    '        ti.image_height,\n' +
    '        ti.camera_model,\n' +
    '        ti.capture_timestamp,\n' +
    '        ti.file_size_bytes,\n' +
    '        ti.file_format,\n' +
    '        ti.image_type,\n' +
    '        ti.created_at,\n' +
    '        ti.range_min,\n' +
    '        ti.range_max,\n' +
    '        ti.avg_temp,\n' +
    '        im.metadata_json,\n' +
    '        im.thermal_data_json,\n' +
    '        p.section_category,\n' +
    '        i.weather_condition,\n' +
    '        i.ambient_temp_celsius\n' +
    '      FROM thermal_images ti\n' +
    '      LEFT JOIN image_metadata im ON ti.image_id = im.image_id\n' +
    '      JOIN inspections i ON ti.inspection_id = i.inspection_id\n' +
    '      JOIN pipes p ON i.pipe_id = p.pipe_id\n' +
    '      WHERE p.section_category = $1\n' +
    '     AND ti.image_type = $2 ORDER BY ti.capture_timestamp DESC',
  duration: '86ms',
  rows: 0
}
조회 결과: 0개 이미지
처리 완료: 0개 중 0개 오류
 GET /api/thermal-images/by-section/B-1?image_type=thermal 200 in 88ms (compile: 778µs, render: 87ms)
Executed query: {
  text: '\n' +
    '      SELECT \n' +
    '        ti.image_id,\n' +
    '        ti.inspection_id,\n' +
    '        ti.image_url,\n' +
    '        ti.thumbnail_url,\n' +
    '        ti.image_width,\n' +
    '        ti.image_height,\n' +
    '        ti.camera_model,\n' +
    '        ti.capture_timestamp,\n' +
    '        ti.file_size_bytes,\n' +
    '        ti.file_format,\n' +
    '        ti.image_type,\n' +
    '        ti.created_at,\n' +
    '        ti.range_min,\n' +
    '        ti.range_max,\n' +
    '        ti.avg_temp,\n' +
    '        im.metadata_json,\n' +
    '        im.thermal_data_json,\n' +
    '        p.section_category,\n' +
    '        i.weather_condition,\n' +
    '        i.ambient_temp_celsius\n' +
    '      FROM thermal_images ti\n' +
    '      LEFT JOIN image_metadata im ON ti.image_id = im.image_id\n' +
    '      JOIN inspections i ON ti.inspection_id = i.inspection_id\n' +
    '      JOIN pipes p ON i.pipe_id = p.pipe_id\n' +
    '      WHERE p.section_category = $1\n' +
    '     AND ti.image_type = $2 ORDER BY ti.capture_timestamp DESC',
  duration: '84ms',
  rows: 0
}
조회 결과: 0개 이미지
처리 완료: 0개 중 0개 오류
 GET /api/thermal-images/by-section/B-2?image_type=thermal 200 in 85ms (compile: 643µs, render: 85ms)
구역별 이미지 조회 - 구역: D-1, 타입: thermal
구역별 이미지 조회 - 구역: D-2, 타입: thermal
구역별 이미지 조회 - 구역: E-1, 타입: thermal
구역별 이미지 조회 - 구역: E-2, 타입: thermal
Executed query: {
  text: '\n' +
    '      SELECT \n' +
    '        ti.image_id,\n' +
    '        ti.inspection_id,\n' +
    '        ti.image_url,\n' +
    '        ti.thumbnail_url,\n' +
    '        ti.image_width,\n' +
    '        ti.image_height,\n' +
    '        ti.camera_model,\n' +
    '        ti.capture_timestamp,\n' +
    '        ti.file_size_bytes,\n' +
    '        ti.file_format,\n' +
    '        ti.image_type,\n' +
    '        ti.created_at,\n' +
    '        ti.range_min,\n' +
    '        ti.range_max,\n' +
    '        ti.avg_temp,\n' +
    '        im.metadata_json,\n' +
    '        im.thermal_data_json,\n' +
    '        p.section_category,\n' +
    '        i.weather_condition,\n' +
    '        i.ambient_temp_celsius\n' +
    '      FROM thermal_images ti\n' +
    '      LEFT JOIN image_metadata im ON ti.image_id = im.image_id\n' +
    '      JOIN inspections i ON ti.inspection_id = i.inspection_id\n' +
    '      JOIN pipes p ON i.pipe_id = p.pipe_id\n' +
    '      WHERE p.section_category = $1\n' +
    '     AND ti.image_type = $2 ORDER BY ti.capture_timestamp DESC',
  duration: '1414ms',
  rows: 176
}
조회 결과: 176개 이미지
처리 완료: 176개 중 0개 오류
 GET /api/thermal-images/by-section/C-2?image_type=thermal 200 in 1914ms (compile: 485ms, render: 1430ms)
구역별 이미지 조회 - 구역: F-1, 타입: thermal
Executed query: {
  text: '\n' +
    '      SELECT \n' +
    '        ti.image_id,\n' +
    '        ti.inspection_id,\n' +
    '        ti.image_url,\n' +
    '        ti.thumbnail_url,\n' +
    '        ti.image_width,\n' +
    '        ti.image_height,\n' +
    '        ti.camera_model,\n' +
    '        ti.capture_timestamp,\n' +
    '        ti.file_size_bytes,\n' +
    '        ti.file_format,\n' +
    '        ti.image_type,\n' +
    '        ti.created_at,\n' +
    '        ti.range_min,\n' +
    '        ti.range_max,\n' +
    '        ti.avg_temp,\n' +
    '        im.metadata_json,\n' +
    '        im.thermal_data_json,\n' +
    '        p.section_category,\n' +
    '        i.weather_condition,\n' +
    '        i.ambient_temp_celsius\n' +
    '      FROM thermal_images ti\n' +
    '      LEFT JOIN image_metadata im ON ti.image_id = im.image_id\n' +
    '      JOIN inspections i ON ti.inspection_id = i.inspection_id\n' +
    '      JOIN pipes p ON i.pipe_id = p.pipe_id\n' +
    '      WHERE p.section_category = $1\n' +
    '     AND ti.image_type = $2 ORDER BY ti.capture_timestamp DESC',
  duration: '89ms',
  rows: 0
}
조회 결과: 0개 이미지
처리 완료: 0개 중 0개 오류
 GET /api/thermal-images/by-section/D-1?image_type=thermal 200 in 93ms (compile: 1496µs, render: 91ms)
Executed query: {
  text: '\n' +
    '      SELECT \n' +
    '        ti.image_id,\n' +
    '        ti.inspection_id,\n' +
    '        ti.image_url,\n' +
    '        ti.thumbnail_url,\n' +
    '        ti.image_width,\n' +
    '        ti.image_height,\n' +
    '        ti.camera_model,\n' +
    '        ti.capture_timestamp,\n' +
    '        ti.file_size_bytes,\n' +
    '        ti.file_format,\n' +
    '        ti.image_type,\n' +
    '        ti.created_at,\n' +
    '        ti.range_min,\n' +
    '        ti.range_max,\n' +
    '        ti.avg_temp,\n' +
    '        im.metadata_json,\n' +
    '        im.thermal_data_json,\n' +
    '        p.section_category,\n' +
    '        i.weather_condition,\n' +
    '        i.ambient_temp_celsius\n' +
    '      FROM thermal_images ti\n' +
    '      LEFT JOIN image_metadata im ON ti.image_id = im.image_id\n' +
    '      JOIN inspections i ON ti.inspection_id = i.inspection_id\n' +
    '      JOIN pipes p ON i.pipe_id = p.pipe_id\n' +
    '      WHERE p.section_category = $1\n' +
    '     AND ti.image_type = $2 ORDER BY ti.capture_timestamp DESC',
  duration: '89ms',
  rows: 0
}
조회 결과: 0개 이미지
처리 완료: 0개 중 0개 오류
 GET /api/thermal-images/by-section/D-2?image_type=thermal 200 in 94ms (compile: 3ms, render: 91ms)
Executed query: {
  text: '\n' +
    '      SELECT \n' +
    '        ti.image_id,\n' +
    '        ti.inspection_id,\n' +
    '        ti.image_url,\n' +
    '        ti.thumbnail_url,\n' +
    '        ti.image_width,\n' +
    '        ti.image_height,\n' +
    '        ti.camera_model,\n' +
    '        ti.capture_timestamp,\n' +
    '        ti.file_size_bytes,\n' +
    '        ti.file_format,\n' +
    '        ti.image_type,\n' +
    '        ti.created_at,\n' +
    '        ti.range_min,\n' +
    '        ti.range_max,\n' +
    '        ti.avg_temp,\n' +
    '        im.metadata_json,\n' +
    '        im.thermal_data_json,\n' +
    '        p.section_category,\n' +
    '        i.weather_condition,\n' +
    '        i.ambient_temp_celsius\n' +
    '      FROM thermal_images ti\n' +
    '      LEFT JOIN image_metadata im ON ti.image_id = im.image_id\n' +
    '      JOIN inspections i ON ti.inspection_id = i.inspection_id\n' +
    '      JOIN pipes p ON i.pipe_id = p.pipe_id\n' +
    '      WHERE p.section_category = $1\n' +
    '     AND ti.image_type = $2 ORDER BY ti.capture_timestamp DESC',
  duration: '89ms',
  rows: 0
}
조회 결과: 0개 이미지
처리 완료: 0개 중 0개 오류
 GET /api/thermal-images/by-section/E-1?image_type=thermal 200 in 95ms (compile: 4ms, render: 90ms)
Executed query: {
  text: '\n' +
    '      SELECT \n' +
    '        ti.image_id,\n' +
    '        ti.inspection_id,\n' +
    '        ti.image_url,\n' +
    '        ti.thumbnail_url,\n' +
    '        ti.image_width,\n' +
    '        ti.image_height,\n' +
    '        ti.camera_model,\n' +
    '        ti.capture_timestamp,\n' +
    '        ti.file_size_bytes,\n' +
    '        ti.file_format,\n' +
    '        ti.image_type,\n' +
    '        ti.created_at,\n' +
    '        ti.range_min,\n' +
    '        ti.range_max,\n' +
    '        ti.avg_temp,\n' +
    '        im.metadata_json,\n' +
    '        im.thermal_data_json,\n' +
    '        p.section_category,\n' +
    '        i.weather_condition,\n' +
    '        i.ambient_temp_celsius\n' +
    '      FROM thermal_images ti\n' +
    '      LEFT JOIN image_metadata im ON ti.image_id = im.image_id\n' +
    '      JOIN inspections i ON ti.inspection_id = i.inspection_id\n' +
    '      JOIN pipes p ON i.pipe_id = p.pipe_id\n' +
    '      WHERE p.section_category = $1\n' +
    '     AND ti.image_type = $2 ORDER BY ti.capture_timestamp DESC',
  duration: '87ms',
  rows: 0
}
조회 결과: 0개 이미지
처리 완료: 0개 중 0개 오류
 GET /api/thermal-images/by-section/E-2?image_type=thermal 200 in 90ms (compile: 888µs, render: 89ms)
구역별 이미지 조회 - 구역: F-2, 타입: thermal
구역별 이미지 조회 - 구역: G-2, 타입: thermal
구역별 이미지 조회 - 구역: G-1, 타입: thermal
구역별 이미지 조회 - 구역: C-2, 타입: thermal
Executed query: {
  text: '\n' +
    '      SELECT \n' +
    '        ti.image_id,\n' +
    '        ti.inspection_id,\n' +
    '        ti.image_url,\n' +
    '        ti.thumbnail_url,\n' +
    '        ti.image_width,\n' +
    '        ti.image_height,\n' +
    '        ti.camera_model,\n' +
    '        ti.capture_timestamp,\n' +
    '        ti.file_size_bytes,\n' +
    '        ti.file_format,\n' +
    '        ti.image_type,\n' +
    '        ti.created_at,\n' +
    '        ti.range_min,\n' +
    '        ti.range_max,\n' +
    '        ti.avg_temp,\n' +
    '        im.metadata_json,\n' +
    '        im.thermal_data_json,\n' +
    '        p.section_category,\n' +
    '        i.weather_condition,\n' +
    '        i.ambient_temp_celsius\n' +
    '      FROM thermal_images ti\n' +
    '      LEFT JOIN image_metadata im ON ti.image_id = im.image_id\n' +
    '      JOIN inspections i ON ti.inspection_id = i.inspection_id\n' +
    '      JOIN pipes p ON i.pipe_id = p.pipe_id\n' +
    '      WHERE p.section_category = $1\n' +
    '     AND ti.image_type = $2 ORDER BY ti.capture_timestamp DESC',
  duration: '95ms',
  rows: 0
}
조회 결과: 0개 이미지
처리 완료: 0개 중 0개 오류
 GET /api/thermal-images/by-section/F-1?image_type=thermal 200 in 98ms (compile: 1056µs, render: 97ms)
Executed query: {
  text: '\n' +
    '      SELECT \n' +
    '        ti.image_id,\n' +
    '        ti.inspection_id,\n' +
    '        ti.image_url,\n' +
    '        ti.thumbnail_url,\n' +
    '        ti.image_width,\n' +
    '        ti.image_height,\n' +
    '        ti.camera_model,\n' +
    '        ti.capture_timestamp,\n' +
    '        ti.file_size_bytes,\n' +
    '        ti.file_format,\n' +
    '        ti.image_type,\n' +
    '        ti.created_at,\n' +
    '        ti.range_min,\n' +
    '        ti.range_max,\n' +
    '        ti.avg_temp,\n' +
    '        im.metadata_json,\n' +
    '        im.thermal_data_json,\n' +
    '        p.section_category,\n' +
    '        i.weather_condition,\n' +
    '        i.ambient_temp_celsius\n' +
    '      FROM thermal_images ti\n' +
    '      LEFT JOIN image_metadata im ON ti.image_id = im.image_id\n' +
    '      JOIN inspections i ON ti.inspection_id = i.inspection_id\n' +
    '      JOIN pipes p ON i.pipe_id = p.pipe_id\n' +
    '      WHERE p.section_category = $1\n' +
    '     AND ti.image_type = $2 ORDER BY ti.capture_timestamp DESC',
  duration: '73ms',
  rows: 0
}
조회 결과: 0개 이미지
처리 완료: 0개 중 0개 오류
 GET /api/thermal-images/by-section/F-2?image_type=thermal 200 in 77ms (compile: 1127µs, render: 75ms)
Executed query: {
  text: '\n' +
    '      SELECT \n' +
    '        ti.image_id,\n' +
    '        ti.inspection_id,\n' +
    '        ti.image_url,\n' +
    '        ti.thumbnail_url,\n' +
    '        ti.image_width,\n' +
    '        ti.image_height,\n' +
    '        ti.camera_model,\n' +
    '        ti.capture_timestamp,\n' +
    '        ti.file_size_bytes,\n' +
    '        ti.file_format,\n' +
    '        ti.image_type,\n' +
    '        ti.created_at,\n' +
    '        ti.range_min,\n' +
    '        ti.range_max,\n' +
    '        ti.avg_temp,\n' +
    '        im.metadata_json,\n' +
    '        im.thermal_data_json,\n' +
    '        p.section_category,\n' +
    '        i.weather_condition,\n' +
    '        i.ambient_temp_celsius\n' +
    '      FROM thermal_images ti\n' +
    '      LEFT JOIN image_metadata im ON ti.image_id = im.image_id\n' +
    '      JOIN inspections i ON ti.inspection_id = i.inspection_id\n' +
    '      JOIN pipes p ON i.pipe_id = p.pipe_id\n' +
    '      WHERE p.section_category = $1\n' +
    '     AND ti.image_type = $2 ORDER BY ti.capture_timestamp DESC',
  duration: '89ms',
  rows: 0
}
조회 결과: 0개 이미지
처리 완료: 0개 중 0개 오류
 GET /api/thermal-images/by-section/G-2?image_type=thermal 200 in 93ms (compile: 3ms, render: 91ms)
Executed query: {
  text: '\n' +
    '      SELECT \n' +
    '        ti.image_id,\n' +
    '        ti.inspection_id,\n' +
    '        ti.image_url,\n' +
    '        ti.thumbnail_url,\n' +
    '        ti.image_width,\n' +
    '        ti.image_height,\n' +
    '        ti.camera_model,\n' +
    '        ti.capture_timestamp,\n' +
    '        ti.file_size_bytes,\n' +
    '        ti.file_format,\n' +
    '        ti.image_type,\n' +
    '        ti.created_at,\n' +
    '        ti.range_min,\n' +
    '        ti.range_max,\n' +
    '        ti.avg_temp,\n' +
    '        im.metadata_json,\n' +
    '        im.thermal_data_json,\n' +
    '        p.section_category,\n' +
    '        i.weather_condition,\n' +
    '        i.ambient_temp_celsius\n' +
    '      FROM thermal_images ti\n' +
    '      LEFT JOIN image_metadata im ON ti.image_id = im.image_id\n' +
    '      JOIN inspections i ON ti.inspection_id = i.inspection_id\n' +
    '      JOIN pipes p ON i.pipe_id = p.pipe_id\n' +
    '      WHERE p.section_category = $1\n' +
    '     AND ti.image_type = $2 ORDER BY ti.capture_timestamp DESC',
  duration: '88ms',
  rows: 0
}
조회 결과: 0개 이미지
처리 완료: 0개 중 0개 오류
 GET /api/thermal-images/by-section/G-1?image_type=thermal 200 in 94ms (compile: 4ms, render: 90ms)
Executed query: {
  text: '\n' +
    '      SELECT \n' +
    '        ti.image_id,\n' +
    '        ti.inspection_id,\n' +
    '        ti.image_url,\n' +
    '        ti.thumbnail_url,\n' +
    '        ti.image_width,\n' +
    '        ti.image_height,\n' +
    '        ti.camera_model,\n' +
    '        ti.capture_timestamp,\n' +
    '        ti.file_size_bytes,\n' +
    '        ti.file_format,\n' +
    '        ti.image_type,\n' +
    '        ti.created_at,\n' +
    '        ti.range_min,\n' +
    '        ti.range_max,\n' +
    '        ti.avg_temp,\n' +
    '        im.metadata_json,\n' +
    '        im.thermal_data_json,\n' +
    '        p.section_category,\n' +
    '        i.weather_condition,\n' +
    '        i.ambient_temp_celsius\n' +
    '      FROM thermal_images ti\n' +
    '      LEFT JOIN image_metadata im ON ti.image_id = im.image_id\n' +
    '      JOIN inspections i ON ti.inspection_id = i.inspection_id\n' +
    '      JOIN pipes p ON i.pipe_id = p.pipe_id\n' +
    '      WHERE p.section_category = $1\n' +
    '     AND ti.image_type = $2 ORDER BY ti.capture_timestamp DESC',
  duration: '1590ms',
  rows: 141
}
조회 결과: 141개 이미지
처리 완료: 141개 중 0개 오류
 GET /api/thermal-images/by-section/C-1?image_type=thermal 200 in 2.1s (compile: 485ms, render: 1609ms)
구역별 이미지 조회 - 구역: C-1, 타입: thermal
Executed query: {
  text: '\n' +
    '      SELECT \n' +
    '        ti.image_id,\n' +
    '        ti.inspection_id,\n' +
    '        ti.image_url,\n' +
    '        ti.thumbnail_url,\n' +
    '        ti.image_width,\n' +
    '        ti.image_height,\n' +
    '        ti.camera_model,\n' +
    '        ti.capture_timestamp,\n' +
    '        ti.file_size_bytes,\n' +
    '        ti.file_format,\n' +
    '        ti.image_type,\n' +
    '        ti.created_at,\n' +
    '        ti.range_min,\n' +
    '        ti.range_max,\n' +
    '        ti.avg_temp,\n' +
    '        im.metadata_json,\n' +
    '        im.thermal_data_json,\n' +
    '        p.section_category,\n' +
    '        i.weather_condition,\n' +
    '        i.ambient_temp_celsius\n' +
    '      FROM thermal_images ti\n' +
    '      LEFT JOIN image_metadata im ON ti.image_id = im.image_id\n' +
    '      JOIN inspections i ON ti.inspection_id = i.inspection_id\n' +
    '      JOIN pipes p ON i.pipe_id = p.pipe_id\n' +
    '      WHERE p.section_category = $1\n' +
    '     AND ti.image_type = $2 ORDER BY ti.capture_timestamp DESC',
  duration: '424ms',
  rows: 176
}
조회 결과: 176개 이미지
처리 완료: 176개 중 0개 오류
 GET /api/thermal-images/by-section/C-2?image_type=thermal 200 in 434ms (compile: 5ms, render: 429ms)
Executed query: {
  text: '\n' +
    '      SELECT \n' +
    '        ti.image_id,\n' +
    '        ti.inspection_id,\n' +
    '        ti.image_url,\n' +
    '        ti.thumbnail_url,\n' +
    '        ti.image_width,\n' +
    '        ti.image_height,\n' +
    '        ti.camera_model,\n' +
    '        ti.capture_timestamp,\n' +
    '        ti.file_size_bytes,\n' +
    '        ti.file_format,\n' +
    '        ti.image_type,\n' +
    '        ti.created_at,\n' +
    '        ti.range_min,\n' +
    '        ti.range_max,\n' +
    '        ti.avg_temp,\n' +
    '        im.metadata_json,\n' +
    '        im.thermal_data_json,\n' +
    '        p.section_category,\n' +
    '        i.weather_condition,\n' +
    '        i.ambient_temp_celsius\n' +
    '      FROM thermal_images ti\n' +
    '      LEFT JOIN image_metadata im ON ti.image_id = im.image_id\n' +
    '      JOIN inspections i ON ti.inspection_id = i.inspection_id\n' +
    '      JOIN pipes p ON i.pipe_id = p.pipe_id\n' +
    '      WHERE p.section_category = $1\n' +
    '     AND ti.image_type = $2 ORDER BY ti.capture_timestamp DESC',
  duration: '352ms',
  rows: 141
}
조회 결과: 141개 이미지
처리 완료: 141개 중 0개 오류
 GET /api/thermal-images/by-section/C-1?image_type=thermal 200 in 362ms (compile: 3ms, render: 359ms)
